<?xml version="1.0" encoding="UTF-8"?>
<!-- Generated by org.testng.reporters.JUnitReportReporter -->
<testsuite hostname="LAPTOP-CFN4958B" failures="0" tests="1" name="fwork.startbrowser" time="37.972" errors="0" timestamp="2022-05-17T21:16:10 IST" skipped="0">
  <testcase classname="fwork.startbrowser" name="testm" time="37.972"/>
  <system-out/>
</testsuite> <!-- fwork.startbrowser -->
